<?xml version="1.0" encoding="UTF-8"?>
<robot generator="Robot 7.3.1 (Python 3.13.1 on win32)" generated="2025-06-27T00:58:33.013279" rpa="false" schemaversion="5">
<suite id="s1" name="RobotFrameworkProject" source="C:\CoursAutomatisation\RobotFrameworkProject">
<suite id="s1-s1" name="Tests" source="C:\CoursAutomatisation\RobotFrameworkProject\tests">
<suite id="s1-s1-s1" name="orangeDemo" source="C:\CoursAutomatisation\RobotFrameworkProject\tests\orangeDemo.robot">
<test id="s1-s1-s1-t1" name="Login to OrangeHRM" line="7">
<kw name="Se connecter à l'application OrangeDemo" owner="ressource1">
<kw name="Open Browser" owner="SeleniumLibrary">
<msg time="2025-06-27T00:58:33.338557" level="INFO">Opening browser 'edge' to base url 'https://opensource-demo.orangehrmlive.com/'.</msg>
<arg>${URL}</arg>
<arg>${BROWSER}</arg>
<doc>Opens a new browser instance to the optional ``url``.</doc>
<status status="PASS" start="2025-06-27T00:58:33.338300" elapsed="2.054178"/>
</kw>
<kw name="Maximize Browser Window" owner="SeleniumLibrary">
<doc>Maximizes current browser window.</doc>
<status status="PASS" start="2025-06-27T00:58:35.392728" elapsed="0.031235"/>
</kw>
<kw name="Sleep" owner="BuiltIn">
<msg time="2025-06-27T00:58:37.424647" level="INFO">Slept 2 seconds.</msg>
<arg>2s</arg>
<doc>Pauses the test executed for the given time.</doc>
<status status="PASS" start="2025-06-27T00:58:35.424252" elapsed="2.000556"/>
</kw>
<kw name="Input Text" owner="SeleniumLibrary">
<msg time="2025-06-27T00:58:37.425462" level="INFO">Typing text 'Admin' into text field 'name=username'.</msg>
<arg>name=username</arg>
<arg>Admin</arg>
<doc>Types the given ``text`` into the text field identified by ``locator``.</doc>
<status status="PASS" start="2025-06-27T00:58:37.425038" elapsed="0.072785"/>
</kw>
<kw name="Input Password" owner="SeleniumLibrary">
<msg time="2025-06-27T00:58:37.498313" level="INFO">Typing password into text field 'name=password'.</msg>
<msg time="2025-06-27T00:58:37.526841" level="INFO">Temporally setting log level to: NONE</msg>
<arg>name=password</arg>
<arg>admin123</arg>
<doc>Types the given password into the text field identified by ``locator``.</doc>
<status status="PASS" start="2025-06-27T00:58:37.498031" elapsed="0.082482"/>
</kw>
<kw name="Click Button" owner="SeleniumLibrary">
<msg time="2025-06-27T00:58:37.581097" level="INFO">Clicking button 'xpath=//button[@type='submit']'.</msg>
<arg>xpath=//button[@type='submit']</arg>
<doc>Clicks the button identified by ``locator``.</doc>
<status status="PASS" start="2025-06-27T00:58:37.580777" elapsed="0.127224"/>
</kw>
<kw name="Wait Until Page Contains Element" owner="SeleniumLibrary">
<arg>xpath=//h6</arg>
<doc>Waits until the element ``locator`` appears on the current page.</doc>
<status status="PASS" start="2025-06-27T00:58:37.708301" elapsed="1.011762"/>
</kw>
<status status="PASS" start="2025-06-27T00:58:33.337585" elapsed="5.382691"/>
</kw>
<status status="PASS" start="2025-06-27T00:58:33.336824" elapsed="5.384537"/>
</test>
<status status="PASS" start="2025-06-27T00:58:33.044648" elapsed="5.678311"/>
</suite>
<status status="PASS" start="2025-06-27T00:58:33.043162" elapsed="5.681157"/>
</suite>
<status status="PASS" start="2025-06-27T00:58:33.014834" elapsed="5.710354"/>
</suite>
<statistics>
<total>
<stat pass="1" fail="0" skip="0">All Tests</stat>
</total>
<tag>
</tag>
<suite>
<stat name="RobotFrameworkProject" id="s1" pass="1" fail="0" skip="0">RobotFrameworkProject</stat>
<stat name="Tests" id="s1-s1" pass="1" fail="0" skip="0">RobotFrameworkProject.Tests</stat>
<stat name="orangeDemo" id="s1-s1-s1" pass="1" fail="0" skip="0">RobotFrameworkProject.Tests.orangeDemo</stat>
</suite>
</statistics>
<errors>
</errors>
</robot>
